2026-06-09 23:00:37 | INFO | Starting FP32 CIFAR-10 run | model=resnet18_cifar | seed=42 | device=cuda | epochs=100
2026-06-09 23:00:37 | INFO | Smoke controls | is_smoke=False | max_train_batches=None | max_val_batches=None | max_test_batches=None
2026-06-09 23:00:40 | INFO | Dataset split | train=45000 | val=5000 | test=10000
2026-06-09 23:00:57 | INFO | epoch=1 | train_loss=2.069584 | train_top1_accuracy=25.7578 | val_loss=1.714118 | val_top1_accuracy=36.1000 | lr=0.10000000
2026-06-09 23:00:57 | INFO | Saved best checkpoint | epoch=1 | val_top1_accuracy=36.1000 | path=checkpoints/fp32_best.pt
2026-06-09 23:01:13 | INFO | epoch=2 | train_loss=1.566534 | train_top1_accuracy=41.4911 | val_loss=1.502448 | val_top1_accuracy=44.7600 | lr=0.10000000
2026-06-09 23:01:13 | INFO | Saved best checkpoint | epoch=2 | val_top1_accuracy=44.7600 | path=checkpoints/fp32_best.pt
2026-06-09 23:01:29 | INFO | epoch=3 | train_loss=1.309720 | train_top1_accuracy=52.1222 | val_loss=1.544234 | val_top1_accuracy=48.8000 | lr=0.10000000
2026-06-09 23:01:29 | INFO | Saved best checkpoint | epoch=3 | val_top1_accuracy=48.8000 | path=checkpoints/fp32_best.pt
2026-06-09 23:01:45 | INFO | epoch=4 | train_loss=1.078325 | train_top1_accuracy=61.1289 | val_loss=0.980902 | val_top1_accuracy=65.2800 | lr=0.10000000
2026-06-09 23:01:45 | INFO | Saved best checkpoint | epoch=4 | val_top1_accuracy=65.2800 | path=checkpoints/fp32_best.pt
2026-06-09 23:02:01 | INFO | epoch=5 | train_loss=0.895467 | train_top1_accuracy=68.4511 | val_loss=0.873652 | val_top1_accuracy=68.3200 | lr=0.10000000
2026-06-09 23:02:01 | INFO | Saved best checkpoint | epoch=5 | val_top1_accuracy=68.3200 | path=checkpoints/fp32_best.pt
2026-06-09 23:02:17 | INFO | epoch=6 | train_loss=0.755586 | train_top1_accuracy=73.4844 | val_loss=0.675007 | val_top1_accuracy=77.1000 | lr=0.10000000
2026-06-09 23:02:17 | INFO | Saved best checkpoint | epoch=6 | val_top1_accuracy=77.1000 | path=checkpoints/fp32_best.pt
2026-06-09 23:02:33 | INFO | epoch=7 | train_loss=0.660445 | train_top1_accuracy=76.9422 | val_loss=0.639591 | val_top1_accuracy=78.0400 | lr=0.10000000
2026-06-09 23:02:33 | INFO | Saved best checkpoint | epoch=7 | val_top1_accuracy=78.0400 | path=checkpoints/fp32_best.pt
2026-06-09 23:02:49 | INFO | epoch=8 | train_loss=0.605411 | train_top1_accuracy=78.9178 | val_loss=0.737384 | val_top1_accuracy=75.8400 | lr=0.10000000
2026-06-09 23:03:05 | INFO | epoch=9 | train_loss=0.557738 | train_top1_accuracy=80.7978 | val_loss=0.631712 | val_top1_accuracy=78.4200 | lr=0.10000000
2026-06-09 23:03:05 | INFO | Saved best checkpoint | epoch=9 | val_top1_accuracy=78.4200 | path=checkpoints/fp32_best.pt
2026-06-09 23:03:21 | INFO | epoch=10 | train_loss=0.525903 | train_top1_accuracy=81.8422 | val_loss=0.601803 | val_top1_accuracy=79.1000 | lr=0.10000000
2026-06-09 23:03:21 | INFO | Saved best checkpoint | epoch=10 | val_top1_accuracy=79.1000 | path=checkpoints/fp32_best.pt
2026-06-09 23:03:37 | INFO | epoch=11 | train_loss=0.508845 | train_top1_accuracy=82.5889 | val_loss=0.635511 | val_top1_accuracy=79.3600 | lr=0.10000000
2026-06-09 23:03:37 | INFO | Saved best checkpoint | epoch=11 | val_top1_accuracy=79.3600 | path=checkpoints/fp32_best.pt
2026-06-09 23:03:53 | INFO | epoch=12 | train_loss=0.488889 | train_top1_accuracy=83.2022 | val_loss=0.547487 | val_top1_accuracy=81.2000 | lr=0.10000000
2026-06-09 23:03:53 | INFO | Saved best checkpoint | epoch=12 | val_top1_accuracy=81.2000 | path=checkpoints/fp32_best.pt
2026-06-09 23:04:09 | INFO | epoch=13 | train_loss=0.473461 | train_top1_accuracy=83.8200 | val_loss=0.653734 | val_top1_accuracy=77.4600 | lr=0.10000000
2026-06-09 23:04:25 | INFO | epoch=14 | train_loss=0.456840 | train_top1_accuracy=84.5533 | val_loss=0.662332 | val_top1_accuracy=78.2200 | lr=0.10000000
2026-06-09 23:04:41 | INFO | epoch=15 | train_loss=0.445940 | train_top1_accuracy=84.5711 | val_loss=0.573309 | val_top1_accuracy=80.7200 | lr=0.10000000
2026-06-09 23:04:57 | INFO | epoch=16 | train_loss=0.430021 | train_top1_accuracy=85.2289 | val_loss=0.595354 | val_top1_accuracy=79.8600 | lr=0.10000000
2026-06-09 23:05:12 | INFO | epoch=17 | train_loss=0.421118 | train_top1_accuracy=85.5667 | val_loss=0.630621 | val_top1_accuracy=80.1600 | lr=0.10000000
2026-06-09 23:05:28 | INFO | epoch=18 | train_loss=0.415781 | train_top1_accuracy=85.7067 | val_loss=0.556541 | val_top1_accuracy=81.8600 | lr=0.10000000
2026-06-09 23:05:28 | INFO | Saved best checkpoint | epoch=18 | val_top1_accuracy=81.8600 | path=checkpoints/fp32_best.pt
2026-06-09 23:05:44 | INFO | epoch=19 | train_loss=0.410200 | train_top1_accuracy=85.9800 | val_loss=0.538788 | val_top1_accuracy=81.9000 | lr=0.10000000
2026-06-09 23:05:44 | INFO | Saved best checkpoint | epoch=19 | val_top1_accuracy=81.9000 | path=checkpoints/fp32_best.pt
2026-06-09 23:06:00 | INFO | epoch=20 | train_loss=0.406922 | train_top1_accuracy=86.1289 | val_loss=0.540587 | val_top1_accuracy=81.5800 | lr=0.10000000
2026-06-09 23:06:16 | INFO | epoch=21 | train_loss=0.393158 | train_top1_accuracy=86.6511 | val_loss=0.645853 | val_top1_accuracy=78.7200 | lr=0.10000000
2026-06-09 23:06:32 | INFO | epoch=22 | train_loss=0.393169 | train_top1_accuracy=86.5978 | val_loss=0.516427 | val_top1_accuracy=82.5200 | lr=0.10000000
2026-06-09 23:06:32 | INFO | Saved best checkpoint | epoch=22 | val_top1_accuracy=82.5200 | path=checkpoints/fp32_best.pt
2026-06-09 23:06:48 | INFO | epoch=23 | train_loss=0.389880 | train_top1_accuracy=86.6133 | val_loss=0.493495 | val_top1_accuracy=83.4600 | lr=0.10000000
2026-06-09 23:06:48 | INFO | Saved best checkpoint | epoch=23 | val_top1_accuracy=83.4600 | path=checkpoints/fp32_best.pt
2026-06-09 23:07:04 | INFO | epoch=24 | train_loss=0.377063 | train_top1_accuracy=87.0689 | val_loss=0.567393 | val_top1_accuracy=81.7000 | lr=0.10000000
2026-06-09 23:07:20 | INFO | epoch=25 | train_loss=0.373393 | train_top1_accuracy=87.1733 | val_loss=0.707094 | val_top1_accuracy=78.4400 | lr=0.10000000
2026-06-09 23:07:36 | INFO | epoch=26 | train_loss=0.371478 | train_top1_accuracy=87.4200 | val_loss=0.514026 | val_top1_accuracy=83.7200 | lr=0.10000000
2026-06-09 23:07:36 | INFO | Saved best checkpoint | epoch=26 | val_top1_accuracy=83.7200 | path=checkpoints/fp32_best.pt
2026-06-09 23:07:52 | INFO | epoch=27 | train_loss=0.368415 | train_top1_accuracy=87.4444 | val_loss=0.589139 | val_top1_accuracy=80.7600 | lr=0.10000000
2026-06-09 23:08:08 | INFO | epoch=28 | train_loss=0.367369 | train_top1_accuracy=87.4756 | val_loss=0.396373 | val_top1_accuracy=86.6600 | lr=0.10000000
2026-06-09 23:08:08 | INFO | Saved best checkpoint | epoch=28 | val_top1_accuracy=86.6600 | path=checkpoints/fp32_best.pt
2026-06-09 23:08:24 | INFO | epoch=29 | train_loss=0.361448 | train_top1_accuracy=87.6111 | val_loss=0.484647 | val_top1_accuracy=84.1000 | lr=0.10000000
2026-06-09 23:08:40 | INFO | epoch=30 | train_loss=0.364717 | train_top1_accuracy=87.6689 | val_loss=0.530365 | val_top1_accuracy=83.2200 | lr=0.10000000
2026-06-09 23:08:56 | INFO | epoch=31 | train_loss=0.354470 | train_top1_accuracy=87.8956 | val_loss=0.628770 | val_top1_accuracy=80.0600 | lr=0.10000000
2026-06-09 23:09:12 | INFO | epoch=32 | train_loss=0.349727 | train_top1_accuracy=88.0089 | val_loss=0.456676 | val_top1_accuracy=84.5600 | lr=0.10000000
2026-06-09 23:09:27 | INFO | epoch=33 | train_loss=0.348377 | train_top1_accuracy=88.1178 | val_loss=0.551366 | val_top1_accuracy=82.6400 | lr=0.10000000
2026-06-09 23:09:43 | INFO | epoch=34 | train_loss=0.350151 | train_top1_accuracy=87.9889 | val_loss=0.532424 | val_top1_accuracy=82.5200 | lr=0.10000000
2026-06-09 23:09:59 | INFO | epoch=35 | train_loss=0.356448 | train_top1_accuracy=87.9467 | val_loss=0.455014 | val_top1_accuracy=85.4400 | lr=0.10000000
2026-06-09 23:10:15 | INFO | epoch=36 | train_loss=0.339132 | train_top1_accuracy=88.4600 | val_loss=0.457230 | val_top1_accuracy=85.0000 | lr=0.10000000
2026-06-09 23:10:31 | INFO | epoch=37 | train_loss=0.345599 | train_top1_accuracy=88.2289 | val_loss=0.461656 | val_top1_accuracy=84.4000 | lr=0.10000000
2026-06-09 23:10:46 | INFO | epoch=38 | train_loss=0.342756 | train_top1_accuracy=88.3200 | val_loss=0.444990 | val_top1_accuracy=85.4400 | lr=0.10000000
2026-06-09 23:11:02 | INFO | epoch=39 | train_loss=0.338875 | train_top1_accuracy=88.3311 | val_loss=0.560547 | val_top1_accuracy=82.5800 | lr=0.10000000
2026-06-09 23:11:18 | INFO | epoch=40 | train_loss=0.336749 | train_top1_accuracy=88.5711 | val_loss=0.420629 | val_top1_accuracy=86.7800 | lr=0.10000000
2026-06-09 23:11:18 | INFO | Saved best checkpoint | epoch=40 | val_top1_accuracy=86.7800 | path=checkpoints/fp32_best.pt
2026-06-09 23:11:34 | INFO | epoch=41 | train_loss=0.341239 | train_top1_accuracy=88.2956 | val_loss=0.576079 | val_top1_accuracy=81.4600 | lr=0.10000000
2026-06-09 23:11:50 | INFO | epoch=42 | train_loss=0.334531 | train_top1_accuracy=88.5644 | val_loss=0.442139 | val_top1_accuracy=85.4200 | lr=0.10000000
2026-06-09 23:12:06 | INFO | epoch=43 | train_loss=0.336248 | train_top1_accuracy=88.5333 | val_loss=0.465837 | val_top1_accuracy=85.2000 | lr=0.10000000
2026-06-09 23:12:22 | INFO | epoch=44 | train_loss=0.335904 | train_top1_accuracy=88.6578 | val_loss=0.774304 | val_top1_accuracy=77.6200 | lr=0.10000000
2026-06-09 23:12:38 | INFO | epoch=45 | train_loss=0.332980 | train_top1_accuracy=88.7556 | val_loss=0.487627 | val_top1_accuracy=84.7800 | lr=0.10000000
2026-06-09 23:12:54 | INFO | epoch=46 | train_loss=0.333692 | train_top1_accuracy=88.4756 | val_loss=0.471190 | val_top1_accuracy=85.6400 | lr=0.10000000
2026-06-09 23:13:09 | INFO | epoch=47 | train_loss=0.326833 | train_top1_accuracy=88.8267 | val_loss=0.559533 | val_top1_accuracy=82.5000 | lr=0.10000000
2026-06-09 23:13:25 | INFO | epoch=48 | train_loss=0.334624 | train_top1_accuracy=88.6778 | val_loss=0.415979 | val_top1_accuracy=86.5200 | lr=0.10000000
2026-06-09 23:13:41 | INFO | epoch=49 | train_loss=0.326393 | train_top1_accuracy=88.9111 | val_loss=0.585546 | val_top1_accuracy=80.2400 | lr=0.10000000
2026-06-09 23:13:57 | INFO | epoch=50 | train_loss=0.336072 | train_top1_accuracy=88.6400 | val_loss=0.537817 | val_top1_accuracy=82.0000 | lr=0.10000000
2026-06-09 23:14:13 | INFO | epoch=51 | train_loss=0.179661 | train_top1_accuracy=94.0156 | val_loss=0.224691 | val_top1_accuracy=92.3400 | lr=0.01000000
2026-06-09 23:14:13 | INFO | Saved best checkpoint | epoch=51 | val_top1_accuracy=92.3400 | path=checkpoints/fp32_best.pt
2026-06-09 23:14:29 | INFO | epoch=52 | train_loss=0.127796 | train_top1_accuracy=95.7333 | val_loss=0.200668 | val_top1_accuracy=93.3000 | lr=0.01000000
2026-06-09 23:14:29 | INFO | Saved best checkpoint | epoch=52 | val_top1_accuracy=93.3000 | path=checkpoints/fp32_best.pt
2026-06-09 23:14:45 | INFO | epoch=53 | train_loss=0.111312 | train_top1_accuracy=96.2511 | val_loss=0.206856 | val_top1_accuracy=93.4200 | lr=0.01000000
2026-06-09 23:14:45 | INFO | Saved best checkpoint | epoch=53 | val_top1_accuracy=93.4200 | path=checkpoints/fp32_best.pt
2026-06-09 23:15:01 | INFO | epoch=54 | train_loss=0.098622 | train_top1_accuracy=96.7933 | val_loss=0.205766 | val_top1_accuracy=93.1800 | lr=0.01000000
2026-06-09 23:15:17 | INFO | epoch=55 | train_loss=0.086245 | train_top1_accuracy=97.0422 | val_loss=0.206905 | val_top1_accuracy=93.7000 | lr=0.01000000
2026-06-09 23:15:17 | INFO | Saved best checkpoint | epoch=55 | val_top1_accuracy=93.7000 | path=checkpoints/fp32_best.pt
2026-06-09 23:15:33 | INFO | epoch=56 | train_loss=0.078567 | train_top1_accuracy=97.3933 | val_loss=0.205723 | val_top1_accuracy=93.5000 | lr=0.01000000
2026-06-09 23:15:49 | INFO | epoch=57 | train_loss=0.069073 | train_top1_accuracy=97.7289 | val_loss=0.210683 | val_top1_accuracy=93.7200 | lr=0.01000000
2026-06-09 23:15:49 | INFO | Saved best checkpoint | epoch=57 | val_top1_accuracy=93.7200 | path=checkpoints/fp32_best.pt
2026-06-09 23:16:05 | INFO | epoch=58 | train_loss=0.060570 | train_top1_accuracy=98.0333 | val_loss=0.212536 | val_top1_accuracy=93.9200 | lr=0.01000000
2026-06-09 23:16:05 | INFO | Saved best checkpoint | epoch=58 | val_top1_accuracy=93.9200 | path=checkpoints/fp32_best.pt
2026-06-09 23:16:21 | INFO | epoch=59 | train_loss=0.055835 | train_top1_accuracy=98.2178 | val_loss=0.221364 | val_top1_accuracy=93.7200 | lr=0.01000000
2026-06-09 23:16:37 | INFO | epoch=60 | train_loss=0.051915 | train_top1_accuracy=98.2400 | val_loss=0.221727 | val_top1_accuracy=93.5400 | lr=0.01000000
2026-06-09 23:16:53 | INFO | epoch=61 | train_loss=0.046433 | train_top1_accuracy=98.4867 | val_loss=0.224271 | val_top1_accuracy=93.6000 | lr=0.01000000
2026-06-09 23:17:08 | INFO | epoch=62 | train_loss=0.042388 | train_top1_accuracy=98.6422 | val_loss=0.219756 | val_top1_accuracy=93.8200 | lr=0.01000000
2026-06-09 23:17:24 | INFO | epoch=63 | train_loss=0.039058 | train_top1_accuracy=98.7756 | val_loss=0.215177 | val_top1_accuracy=94.1200 | lr=0.01000000
2026-06-09 23:17:24 | INFO | Saved best checkpoint | epoch=63 | val_top1_accuracy=94.1200 | path=checkpoints/fp32_best.pt
2026-06-09 23:17:40 | INFO | epoch=64 | train_loss=0.038478 | train_top1_accuracy=98.7889 | val_loss=0.228835 | val_top1_accuracy=93.8400 | lr=0.01000000
2026-06-09 23:17:56 | INFO | epoch=65 | train_loss=0.037148 | train_top1_accuracy=98.8356 | val_loss=0.223524 | val_top1_accuracy=94.0800 | lr=0.01000000
2026-06-09 23:18:12 | INFO | epoch=66 | train_loss=0.036155 | train_top1_accuracy=98.9178 | val_loss=0.233253 | val_top1_accuracy=93.7000 | lr=0.01000000
2026-06-09 23:18:28 | INFO | epoch=67 | train_loss=0.033868 | train_top1_accuracy=98.9067 | val_loss=0.235686 | val_top1_accuracy=93.7000 | lr=0.01000000
2026-06-09 23:18:44 | INFO | epoch=68 | train_loss=0.031702 | train_top1_accuracy=98.9889 | val_loss=0.238021 | val_top1_accuracy=93.6600 | lr=0.01000000
2026-06-09 23:18:59 | INFO | epoch=69 | train_loss=0.031235 | train_top1_accuracy=99.0356 | val_loss=0.236951 | val_top1_accuracy=93.8400 | lr=0.01000000
2026-06-09 23:19:15 | INFO | epoch=70 | train_loss=0.031055 | train_top1_accuracy=99.0000 | val_loss=0.250661 | val_top1_accuracy=93.3400 | lr=0.01000000
2026-06-09 23:19:31 | INFO | epoch=71 | train_loss=0.033344 | train_top1_accuracy=98.9333 | val_loss=0.247021 | val_top1_accuracy=93.3000 | lr=0.01000000
2026-06-09 23:19:47 | INFO | epoch=72 | train_loss=0.033053 | train_top1_accuracy=98.9111 | val_loss=0.245656 | val_top1_accuracy=93.4000 | lr=0.01000000
2026-06-09 23:20:03 | INFO | epoch=73 | train_loss=0.030401 | train_top1_accuracy=99.0133 | val_loss=0.255915 | val_top1_accuracy=93.7600 | lr=0.01000000
2026-06-09 23:20:18 | INFO | epoch=74 | train_loss=0.032873 | train_top1_accuracy=98.9844 | val_loss=0.261073 | val_top1_accuracy=93.2200 | lr=0.01000000
2026-06-09 23:20:34 | INFO | epoch=75 | train_loss=0.030042 | train_top1_accuracy=99.0422 | val_loss=0.245596 | val_top1_accuracy=93.7200 | lr=0.01000000
2026-06-09 23:20:50 | INFO | epoch=76 | train_loss=0.020844 | train_top1_accuracy=99.3622 | val_loss=0.225318 | val_top1_accuracy=94.0200 | lr=0.00100000
2026-06-09 23:21:06 | INFO | epoch=77 | train_loss=0.013373 | train_top1_accuracy=99.6800 | val_loss=0.223163 | val_top1_accuracy=94.3000 | lr=0.00100000
2026-06-09 23:21:06 | INFO | Saved best checkpoint | epoch=77 | val_top1_accuracy=94.3000 | path=checkpoints/fp32_best.pt
2026-06-09 23:21:22 | INFO | epoch=78 | train_loss=0.010565 | train_top1_accuracy=99.7733 | val_loss=0.223905 | val_top1_accuracy=94.3600 | lr=0.00100000
2026-06-09 23:21:22 | INFO | Saved best checkpoint | epoch=78 | val_top1_accuracy=94.3600 | path=checkpoints/fp32_best.pt
2026-06-09 23:21:38 | INFO | epoch=79 | train_loss=0.009584 | train_top1_accuracy=99.8311 | val_loss=0.220161 | val_top1_accuracy=94.4800 | lr=0.00100000
2026-06-09 23:21:38 | INFO | Saved best checkpoint | epoch=79 | val_top1_accuracy=94.4800 | path=checkpoints/fp32_best.pt
2026-06-09 23:21:54 | INFO | epoch=80 | train_loss=0.008949 | train_top1_accuracy=99.8156 | val_loss=0.221332 | val_top1_accuracy=94.2000 | lr=0.00100000
2026-06-09 23:22:10 | INFO | epoch=81 | train_loss=0.007932 | train_top1_accuracy=99.8556 | val_loss=0.221330 | val_top1_accuracy=94.4400 | lr=0.00100000
2026-06-09 23:22:26 | INFO | epoch=82 | train_loss=0.008093 | train_top1_accuracy=99.8489 | val_loss=0.219310 | val_top1_accuracy=94.3200 | lr=0.00100000
2026-06-09 23:22:42 | INFO | epoch=83 | train_loss=0.007582 | train_top1_accuracy=99.8356 | val_loss=0.220506 | val_top1_accuracy=94.4200 | lr=0.00100000
2026-06-09 23:22:58 | INFO | epoch=84 | train_loss=0.007038 | train_top1_accuracy=99.8911 | val_loss=0.218786 | val_top1_accuracy=94.5000 | lr=0.00100000
2026-06-09 23:22:58 | INFO | Saved best checkpoint | epoch=84 | val_top1_accuracy=94.5000 | path=checkpoints/fp32_best.pt
2026-06-09 23:23:14 | INFO | epoch=85 | train_loss=0.006899 | train_top1_accuracy=99.8933 | val_loss=0.218867 | val_top1_accuracy=94.3000 | lr=0.00100000
2026-06-09 23:23:29 | INFO | epoch=86 | train_loss=0.006400 | train_top1_accuracy=99.9111 | val_loss=0.219390 | val_top1_accuracy=94.4800 | lr=0.00100000
2026-06-09 23:23:45 | INFO | epoch=87 | train_loss=0.006225 | train_top1_accuracy=99.9000 | val_loss=0.220727 | val_top1_accuracy=94.4600 | lr=0.00100000
2026-06-09 23:24:01 | INFO | epoch=88 | train_loss=0.006176 | train_top1_accuracy=99.8956 | val_loss=0.220865 | val_top1_accuracy=94.4600 | lr=0.00100000
2026-06-09 23:24:17 | INFO | epoch=89 | train_loss=0.006246 | train_top1_accuracy=99.9022 | val_loss=0.221671 | val_top1_accuracy=94.3000 | lr=0.00100000
2026-06-09 23:24:33 | INFO | epoch=90 | train_loss=0.005465 | train_top1_accuracy=99.9244 | val_loss=0.221666 | val_top1_accuracy=94.4800 | lr=0.00100000
2026-06-09 23:24:49 | INFO | epoch=91 | train_loss=0.005219 | train_top1_accuracy=99.9444 | val_loss=0.221133 | val_top1_accuracy=94.3400 | lr=0.00100000
2026-06-09 23:25:05 | INFO | epoch=92 | train_loss=0.005394 | train_top1_accuracy=99.9311 | val_loss=0.222831 | val_top1_accuracy=94.4400 | lr=0.00100000
2026-06-09 23:25:20 | INFO | epoch=93 | train_loss=0.005000 | train_top1_accuracy=99.9244 | val_loss=0.221987 | val_top1_accuracy=94.3800 | lr=0.00100000
2026-06-09 23:25:36 | INFO | epoch=94 | train_loss=0.005219 | train_top1_accuracy=99.9267 | val_loss=0.224600 | val_top1_accuracy=94.4000 | lr=0.00100000
2026-06-09 23:25:52 | INFO | epoch=95 | train_loss=0.004904 | train_top1_accuracy=99.9289 | val_loss=0.222333 | val_top1_accuracy=94.4000 | lr=0.00100000
2026-06-09 23:26:08 | INFO | epoch=96 | train_loss=0.005242 | train_top1_accuracy=99.9244 | val_loss=0.220812 | val_top1_accuracy=94.3600 | lr=0.00100000
2026-06-09 23:26:24 | INFO | epoch=97 | train_loss=0.004880 | train_top1_accuracy=99.9444 | val_loss=0.220645 | val_top1_accuracy=94.3800 | lr=0.00100000
2026-06-09 23:26:40 | INFO | epoch=98 | train_loss=0.004857 | train_top1_accuracy=99.9178 | val_loss=0.218883 | val_top1_accuracy=94.4200 | lr=0.00100000
2026-06-09 23:26:55 | INFO | epoch=99 | train_loss=0.004838 | train_top1_accuracy=99.9200 | val_loss=0.221558 | val_top1_accuracy=94.5200 | lr=0.00100000
2026-06-09 23:26:56 | INFO | Saved best checkpoint | epoch=99 | val_top1_accuracy=94.5200 | path=checkpoints/fp32_best.pt
2026-06-09 23:27:11 | INFO | epoch=100 | train_loss=0.004219 | train_top1_accuracy=99.9489 | val_loss=0.220142 | val_top1_accuracy=94.5600 | lr=0.00100000
2026-06-09 23:27:12 | INFO | Saved best checkpoint | epoch=100 | val_top1_accuracy=94.5600 | path=checkpoints/fp32_best.pt
2026-06-09 23:27:12 | INFO | Reloaded best checkpoint | epoch=100 | val_top1_accuracy=94.5600
2026-06-09 23:27:13 | INFO | Final test top1_accuracy=94.1300
2026-06-09 23:27:13 | INFO | Wrote result CSV | path=outputs/results/fp32_result.csv
